<?xml version="1.0" encoding="utf-8"?><testsuites name="pytest tests"><testsuite name="pytest" errors="0" failures="5" skipped="0" tests="35" time="14.835" timestamp="2026-08-21T04:15:22.559975+00:00" hostname="agent-env-68f8150e-f25a-4521-a7da-3a5d616f9c0a"><testcase classname="tests.backend_test.TestCRM" name="test_get_farmers" time="0.712" /><testcase classname="tests.backend_test.TestChat" name="test_chat_ask_returns_answer_and_sources" time="7.724" /><testcase classname="tests.backend_test.TestCRM" name="test_farmers_search_filter" time="0.066" /><testcase classname="tests.backend_test.TestCRM" name="test_farmers_komoditas_filter" time="0.060" /><testcase classname="tests.backend_test.TestCRM" name="test_farmer_detail" time="0.048" /><testcase classname="tests.backend_test.TestCRM" name="test_farmer_detail_not_found" time="0.047"><failure message="AssertionError: expected 404, got 200 {&quot;error&quot;:&quot;Profil petani tidak ditemukan&quot;}&#10;assert 200 == 404&#10; +  where 200 = &lt;Response [200]&gt;.status_code">tests/backend_test.py:275: in test_farmer_detail_not_found
    assert r.status_code == 404, f"expected 404, got {r.status_code} {r.text[:150]}"
E   AssertionError: expected 404, got 200 {"error":"Profil petani tidak ditemukan"}
E   assert 200 == 404
E    +  where 200 = &lt;Response [200]&gt;.status_code</failure></testcase><testcase classname="tests.backend_test.TestCRM" name="test_update_documents_recalculates_score" time="0.254" /><testcase classname="tests.backend_test.TestCRM" name="test_update_documents_unknown_farmer" time="0.048"><failure message="AssertionError: expected 404 for unknown farmer, got 200 {&quot;success&quot;:true,&quot;message&quot;:&quot;Status verifikasi dokumen berhasil diperbarui&quot;}&#10;assert 200 == 404&#10; +  where 200 = &lt;Response [200]&gt;.status_code">tests/backend_test.py:298: in test_update_documents_unknown_farmer
    assert r.status_code == 404, f"expected 404 for unknown farmer, got {r.status_code} {r.text[:150]}"
E   AssertionError: expected 404 for unknown farmer, got 200 {"success":true,"message":"Status verifikasi dokumen berhasil diperbarui"}
E   assert 200 == 404
E    +  where 200 = &lt;Response [200]&gt;.status_code</failure></testcase><testcase classname="tests.backend_test.TestCRM" name="test_create_farmer_and_verify" time="0.194" /><testcase classname="tests.backend_test.TestCRM" name="test_create_farmer_validation" time="0.047" /><testcase classname="tests.backend_test.TestCRM" name="test_analytics" time="0.048" /><testcase classname="tests.backend_test.TestCRM" name="test_analytics_matches_farmers_list" time="0.110" /><testcase classname="tests.backend_test.TestPretest" name="test_get_pretest" time="0.047" /><testcase classname="tests.backend_test.TestPretest" name="test_submit_pretest_persists" time="0.144" /><testcase classname="tests.backend_test.TestPretest" name="test_submit_pretest_wrong_answers" time="0.048" /><testcase classname="tests.backend_test.TestPretest" name="test_submit_pretest_validation" time="0.044" /><testcase classname="tests.backend_test.TestKurDocs" name="test_get_kur_docs" time="0.048" /><testcase classname="tests.backend_test.TestKurDocs" name="test_create_get_delete_doc" time="0.194" /><testcase classname="tests.backend_test.TestKurDocs" name="test_create_doc_validation" time="0.043" /><testcase classname="tests.backend_test.TestKurDocs" name="test_delete_nonexistent_doc" time="0.045"><failure message="AssertionError: expected 404 for missing doc, got 200 {&quot;success&quot;:false}&#10;assert 200 == 404&#10; +  where 200 = &lt;Response [200]&gt;.status_code">tests/backend_test.py:194: in test_delete_nonexistent_doc
    assert r.status_code == 404, f"expected 404 for missing doc, got {r.status_code} {r.text[:120]}"
E   AssertionError: expected 404 for missing doc, got 200 {"success":false}
E   assert 200 == 404
E    +  where 200 = &lt;Response [200]&gt;.status_code</failure></testcase><testcase classname="tests.backend_test.TestUsers" name="test_get_users" time="0.051" /><testcase classname="tests.backend_test.TestUsers" name="test_demo_login_by_role" time="0.048" /><testcase classname="tests.backend_test.TestUsers" name="test_demo_login_by_user_id" time="0.048" /><testcase classname="tests.backend_test.TestModules" name="test_get_modules" time="0.044" /><testcase classname="tests.backend_test.TestModules" name="test_get_module_detail" time="0.046" /><testcase classname="tests.backend_test.TestModules" name="test_get_module_detail_not_found" time="0.054"><failure message="AssertionError: expected 404, got 200 body={&quot;error&quot;:&quot;Modul tidak ditemukan&quot;}&#10;assert 200 == 404&#10; +  where 200 = &lt;Response [200]&gt;.status_code">tests/backend_test.py:83: in test_get_module_detail_not_found
    assert r.status_code == 404, f"expected 404, got {r.status_code} body={r.text[:200]}"
E   AssertionError: expected 404, got 200 body={"error":"Modul tidak ditemukan"}
E   assert 200 == 404
E    +  where 200 = &lt;Response [200]&gt;.status_code</failure></testcase><testcase classname="tests.backend_test.TestLearningProgress" name="test_progress_empty_user" time="0.047" /><testcase classname="tests.backend_test.TestLearningProgress" name="test_update_and_read_progress" time="0.093" /><testcase classname="tests.backend_test.TestLearningProgress" name="test_update_is_idempotent_upsert" time="0.097" /><testcase classname="tests.backend_test.TestHealth" name="test_root" time="0.052" /><testcase classname="tests.backend_test.TestSeedZLast" name="test_seed" time="0.141" /><testcase classname="tests.backend_test.TestChat" name="test_chat_ask_bunga_query" time="6.169" /><testcase classname="tests.backend_test.TestChat" name="test_chat_history_persisted" time="0.063" /><testcase classname="tests.backend_test.TestChat" name="test_chat_empty_message" time="0.055"><failure message="AssertionError: expected 400, got 200 body={&quot;error&quot;:&quot;Pesan tidak boleh kosong&quot;}&#10;assert 200 == 400&#10; +  where 200 = &lt;Response [200]&gt;.status_code">tests/backend_test.py:229: in test_chat_empty_message
    assert r.status_code == 400, f"expected 400, got {r.status_code} body={r.text[:200]}"
E   AssertionError: expected 400, got 200 body={"error":"Pesan tidak boleh kosong"}
E   assert 200 == 400
E    +  where 200 = &lt;Response [200]&gt;.status_code</failure></testcase><testcase classname="tests.backend_test.TestChat" name="test_clear_chat_history" time="0.103" /></testsuite></testsuites>